2024-07-21 03:39:58,442 - INFO - Starting Forest-kNN on dataset breastmnist
2024-07-21 03:39:58,442 - INFO - Starting Forest-kNN on dataset breastmnist
2024-07-21 03:39:58,447 - INFO - Loaded dataset breastmnist with shapes - X_train: (546, 768), X_val: (78, 768), X_test: (156, 768)
2024-07-21 03:39:58,447 - INFO - 
Starting evaluation for method=random, n_components=100, n_classifiers=20...
2024-07-21 03:39:58,453 - INFO - Bootstrap sample 0 shape: (546, 768), Projected shape: (546, 100)
2024-07-21 03:39:59,667 - INFO - Best parameters found: {'metric': 'manhattan', 'n_neighbors': 15, 'weights': 'distance'}
2024-07-21 03:39:59,673 - INFO - Best cross-validation accuracy: 0.8918598832360299
2024-07-21 03:40:00,496 - INFO - Bootstrap sample 1 shape: (546, 768), Projected shape: (546, 100)
2024-07-21 03:40:01,508 - INFO - Best parameters found: {'metric': 'manhattan', 'n_neighbors': 10, 'weights': 'distance'}
2024-07-21 03:40:01,508 - INFO - Best cross-validation accuracy: 0.8955629691409509
2024-07-21 03:40:02,306 - INFO - Bootstrap sample 2 shape: (546, 768), Projected shape: (546, 100)
2024-07-21 03:40:03,301 - INFO - Best parameters found: {'metric': 'manhattan', 'n_neighbors': 15, 'weights': 'distance'}
2024-07-21 03:40:03,301 - INFO - Best cross-validation accuracy: 0.8809841534612177
2024-07-21 03:40:04,093 - INFO - Bootstrap sample 3 shape: (546, 768), Projected shape: (546, 100)
2024-07-21 03:40:05,107 - INFO - Best parameters found: {'metric': 'euclidean', 'n_neighbors': 20, 'weights': 'distance'}
2024-07-21 03:40:05,107 - INFO - Best cross-validation accuracy: 0.9175979983319433
2024-07-21 03:40:05,892 - INFO - Bootstrap sample 4 shape: (546, 768), Projected shape: (546, 100)
2024-07-21 03:40:06,897 - INFO - Best parameters found: {'metric': 'manhattan', 'n_neighbors': 17, 'weights': 'distance'}
2024-07-21 03:40:06,898 - INFO - Best cross-validation accuracy: 0.8791326105087572
2024-07-21 03:40:07,709 - INFO - Bootstrap sample 5 shape: (546, 768), Projected shape: (546, 100)
2024-07-21 03:40:08,709 - INFO - Best parameters found: {'metric': 'manhattan', 'n_neighbors': 15, 'weights': 'distance'}
2024-07-21 03:40:08,709 - INFO - Best cross-validation accuracy: 0.9084737281067558
2024-07-21 03:40:09,511 - INFO - Bootstrap sample 6 shape: (546, 768), Projected shape: (546, 100)
2024-07-21 03:40:10,520 - INFO - Best parameters found: {'metric': 'euclidean', 'n_neighbors': 10, 'weights': 'distance'}
2024-07-21 03:40:10,520 - INFO - Best cross-validation accuracy: 0.9193661384487072
2024-07-21 03:40:11,310 - INFO - Bootstrap sample 7 shape: (546, 768), Projected shape: (546, 100)
2024-07-21 03:40:12,314 - INFO - Best parameters found: {'metric': 'manhattan', 'n_neighbors': 10, 'weights': 'distance'}
2024-07-21 03:40:12,314 - INFO - Best cross-validation accuracy: 0.9157798165137615
2024-07-21 03:40:13,103 - INFO - Bootstrap sample 8 shape: (546, 768), Projected shape: (546, 100)
2024-07-21 03:40:14,103 - INFO - Best parameters found: {'metric': 'euclidean', 'n_neighbors': 20, 'weights': 'distance'}
2024-07-21 03:40:14,103 - INFO - Best cross-validation accuracy: 0.9102418682235196
2024-07-21 03:40:14,891 - INFO - Bootstrap sample 9 shape: (546, 768), Projected shape: (546, 100)
2024-07-21 03:40:15,903 - INFO - Best parameters found: {'metric': 'manhattan', 'n_neighbors': 10, 'weights': 'distance'}
2024-07-21 03:40:15,903 - INFO - Best cross-validation accuracy: 0.9102418682235196
2024-07-21 03:40:16,686 - INFO - Bootstrap sample 10 shape: (546, 768), Projected shape: (546, 100)
2024-07-21 03:40:17,678 - INFO - Best parameters found: {'metric': 'manhattan', 'n_neighbors': 10, 'weights': 'distance'}
2024-07-21 03:40:17,678 - INFO - Best cross-validation accuracy: 0.9285738115095914
2024-07-21 03:40:18,467 - INFO - Bootstrap sample 11 shape: (546, 768), Projected shape: (546, 100)
2024-07-21 03:40:19,478 - INFO - Best parameters found: {'metric': 'manhattan', 'n_neighbors': 20, 'weights': 'distance'}
2024-07-21 03:40:19,478 - INFO - Best cross-validation accuracy: 0.9230859049207674
2024-07-21 03:40:20,270 - INFO - Bootstrap sample 12 shape: (546, 768), Projected shape: (546, 100)
2024-07-21 03:40:21,283 - INFO - Best parameters found: {'metric': 'euclidean', 'n_neighbors': 10, 'weights': 'distance'}
2024-07-21 03:40:21,283 - INFO - Best cross-validation accuracy: 0.9065721434528774
2024-07-21 03:40:22,082 - INFO - Bootstrap sample 13 shape: (546, 768), Projected shape: (546, 100)
2024-07-21 03:40:23,097 - INFO - Best parameters found: {'metric': 'euclidean', 'n_neighbors': 15, 'weights': 'distance'}
2024-07-21 03:40:23,098 - INFO - Best cross-validation accuracy: 0.9120600500417014
2024-07-21 03:40:23,874 - INFO - Bootstrap sample 14 shape: (546, 768), Projected shape: (546, 100)
2024-07-21 03:40:24,888 - INFO - Best parameters found: {'metric': 'manhattan', 'n_neighbors': 10, 'weights': 'distance'}
2024-07-21 03:40:24,888 - INFO - Best cross-validation accuracy: 0.8809507923269392
2024-07-21 03:40:25,700 - INFO - Bootstrap sample 15 shape: (546, 768), Projected shape: (546, 100)
2024-07-21 03:40:26,702 - INFO - Best parameters found: {'metric': 'manhattan', 'n_neighbors': 20, 'weights': 'distance'}
2024-07-21 03:40:26,703 - INFO - Best cross-validation accuracy: 0.8955963302752294
2024-07-21 03:40:27,515 - INFO - Bootstrap sample 16 shape: (546, 768), Projected shape: (546, 100)
2024-07-21 03:40:28,521 - INFO - Best parameters found: {'metric': 'chebyshev', 'n_neighbors': 10, 'weights': 'distance'}
2024-07-21 03:40:28,521 - INFO - Best cross-validation accuracy: 0.9139115929941617
2024-07-21 03:40:29,307 - INFO - Bootstrap sample 17 shape: (546, 768), Projected shape: (546, 100)
2024-07-21 03:40:30,317 - INFO - Best parameters found: {'metric': 'manhattan', 'n_neighbors': 20, 'weights': 'distance'}
2024-07-21 03:40:30,317 - INFO - Best cross-validation accuracy: 0.9010675562969143
2024-07-21 03:40:31,118 - INFO - Bootstrap sample 18 shape: (546, 768), Projected shape: (546, 100)
2024-07-21 03:40:32,124 - INFO - Best parameters found: {'metric': 'manhattan', 'n_neighbors': 17, 'weights': 'distance'}
2024-07-21 03:40:32,125 - INFO - Best cross-validation accuracy: 0.901184320266889
2024-07-21 03:40:32,917 - INFO - Bootstrap sample 19 shape: (546, 768), Projected shape: (546, 100)
2024-07-21 03:40:33,931 - INFO - Best parameters found: {'metric': 'manhattan', 'n_neighbors': 20, 'weights': 'distance'}
2024-07-21 03:40:33,932 - INFO - Best cross-validation accuracy: 0.9066055045871559
2024-07-21 03:40:34,747 - INFO - Accuracy for method=random, n_components=100, k=None, n_classifiers=20: 0.8141
2024-07-21 03:40:34,751 - INFO - Results saved to breastmnist_forest_knn_results.csv
2024-07-21 03:40:34,751 - INFO - Evaluation completed for method=random, n_components=100, n_classifiers=20
2024-07-21 03:40:34,752 - INFO - 
Starting evaluation for method=random, n_components=100, n_classifiers=30...
2024-07-21 03:40:34,759 - INFO - Bootstrap sample 0 shape: (546, 768), Projected shape: (546, 100)
2024-07-21 03:40:35,786 - INFO - Best parameters found: {'metric': 'manhattan', 'n_neighbors': 15, 'weights': 'distance'}
2024-07-21 03:40:35,786 - INFO - Best cross-validation accuracy: 0.8918598832360299
2024-07-21 03:40:36,606 - INFO - Bootstrap sample 1 shape: (546, 768), Projected shape: (546, 100)
2024-07-21 03:40:37,614 - INFO - Best parameters found: {'metric': 'manhattan', 'n_neighbors': 10, 'weights': 'distance'}
2024-07-21 03:40:37,614 - INFO - Best cross-validation accuracy: 0.8955629691409509
2024-07-21 03:40:38,410 - INFO - Bootstrap sample 2 shape: (546, 768), Projected shape: (546, 100)
2024-07-21 03:40:39,423 - INFO - Best parameters found: {'metric': 'manhattan', 'n_neighbors': 15, 'weights': 'distance'}
2024-07-21 03:40:39,423 - INFO - Best cross-validation accuracy: 0.8809841534612177
2024-07-21 03:40:40,219 - INFO - Bootstrap sample 3 shape: (546, 768), Projected shape: (546, 100)
2024-07-21 03:40:41,251 - INFO - Best parameters found: {'metric': 'euclidean', 'n_neighbors': 20, 'weights': 'distance'}
2024-07-21 03:40:41,251 - INFO - Best cross-validation accuracy: 0.9175979983319433
2024-07-21 03:40:42,038 - INFO - Bootstrap sample 4 shape: (546, 768), Projected shape: (546, 100)
2024-07-21 03:40:43,034 - INFO - Best parameters found: {'metric': 'manhattan', 'n_neighbors': 17, 'weights': 'distance'}
2024-07-21 03:40:43,034 - INFO - Best cross-validation accuracy: 0.8791326105087572
2024-07-21 03:40:43,835 - INFO - Bootstrap sample 5 shape: (546, 768), Projected shape: (546, 100)
2024-07-21 03:40:44,847 - INFO - Best parameters found: {'metric': 'manhattan', 'n_neighbors': 15, 'weights': 'distance'}
2024-07-21 03:40:44,848 - INFO - Best cross-validation accuracy: 0.9084737281067558
2024-07-21 03:40:45,648 - INFO - Bootstrap sample 6 shape: (546, 768), Projected shape: (546, 100)
2024-07-21 03:40:46,682 - INFO - Best parameters found: {'metric': 'euclidean', 'n_neighbors': 10, 'weights': 'distance'}
2024-07-21 03:40:46,682 - INFO - Best cross-validation accuracy: 0.9193661384487072
2024-07-21 03:40:47,472 - INFO - Bootstrap sample 7 shape: (546, 768), Projected shape: (546, 100)
2024-07-21 03:40:48,486 - INFO - Best parameters found: {'metric': 'manhattan', 'n_neighbors': 10, 'weights': 'distance'}
2024-07-21 03:40:48,486 - INFO - Best cross-validation accuracy: 0.9157798165137615
2024-07-21 03:40:49,277 - INFO - Bootstrap sample 8 shape: (546, 768), Projected shape: (546, 100)
2024-07-21 03:40:50,272 - INFO - Best parameters found: {'metric': 'euclidean', 'n_neighbors': 20, 'weights': 'distance'}
2024-07-21 03:40:50,272 - INFO - Best cross-validation accuracy: 0.9102418682235196
2024-07-21 03:40:51,060 - INFO - Bootstrap sample 9 shape: (546, 768), Projected shape: (546, 100)
2024-07-21 03:40:52,073 - INFO - Best parameters found: {'metric': 'manhattan', 'n_neighbors': 10, 'weights': 'distance'}
2024-07-21 03:40:52,074 - INFO - Best cross-validation accuracy: 0.9102418682235196
2024-07-21 03:40:52,863 - INFO - Bootstrap sample 10 shape: (546, 768), Projected shape: (546, 100)
2024-07-21 03:40:53,861 - INFO - Best parameters found: {'metric': 'manhattan', 'n_neighbors': 10, 'weights': 'distance'}
2024-07-21 03:40:53,861 - INFO - Best cross-validation accuracy: 0.9285738115095914
2024-07-21 03:40:54,642 - INFO - Bootstrap sample 11 shape: (546, 768), Projected shape: (546, 100)
2024-07-21 03:40:55,672 - INFO - Best parameters found: {'metric': 'manhattan', 'n_neighbors': 20, 'weights': 'distance'}
2024-07-21 03:40:55,672 - INFO - Best cross-validation accuracy: 0.9230859049207674
2024-07-21 03:40:56,475 - INFO - Bootstrap sample 12 shape: (546, 768), Projected shape: (546, 100)
2024-07-21 03:40:57,582 - INFO - Best parameters found: {'metric': 'euclidean', 'n_neighbors': 10, 'weights': 'distance'}
2024-07-21 03:40:57,582 - INFO - Best cross-validation accuracy: 0.9065721434528774
2024-07-21 03:40:58,383 - INFO - Bootstrap sample 13 shape: (546, 768), Projected shape: (546, 100)
2024-07-21 03:40:59,470 - INFO - Best parameters found: {'metric': 'euclidean', 'n_neighbors': 15, 'weights': 'distance'}
2024-07-21 03:40:59,470 - INFO - Best cross-validation accuracy: 0.9120600500417014
2024-07-21 03:41:00,267 - INFO - Bootstrap sample 14 shape: (546, 768), Projected shape: (546, 100)
2024-07-21 03:41:01,306 - INFO - Best parameters found: {'metric': 'manhattan', 'n_neighbors': 10, 'weights': 'distance'}
2024-07-21 03:41:01,306 - INFO - Best cross-validation accuracy: 0.8809507923269392
2024-07-21 03:41:02,118 - INFO - Bootstrap sample 15 shape: (546, 768), Projected shape: (546, 100)
2024-07-21 03:41:03,186 - INFO - Best parameters found: {'metric': 'manhattan', 'n_neighbors': 20, 'weights': 'distance'}
2024-07-21 03:41:03,187 - INFO - Best cross-validation accuracy: 0.8955963302752294
2024-07-21 03:41:04,010 - INFO - Bootstrap sample 16 shape: (546, 768), Projected shape: (546, 100)
2024-07-21 03:41:05,042 - INFO - Best parameters found: {'metric': 'chebyshev', 'n_neighbors': 10, 'weights': 'distance'}
2024-07-21 03:41:05,042 - INFO - Best cross-validation accuracy: 0.9139115929941617
2024-07-21 03:41:05,832 - INFO - Bootstrap sample 17 shape: (546, 768), Projected shape: (546, 100)
2024-07-21 03:41:06,847 - INFO - Best parameters found: {'metric': 'manhattan', 'n_neighbors': 20, 'weights': 'distance'}
2024-07-21 03:41:06,847 - INFO - Best cross-validation accuracy: 0.9010675562969143
2024-07-21 03:41:07,645 - INFO - Bootstrap sample 18 shape: (546, 768), Projected shape: (546, 100)
2024-07-21 03:41:08,667 - INFO - Best parameters found: {'metric': 'manhattan', 'n_neighbors': 17, 'weights': 'distance'}
2024-07-21 03:41:08,668 - INFO - Best cross-validation accuracy: 0.901184320266889
2024-07-21 03:41:09,460 - INFO - Bootstrap sample 19 shape: (546, 768), Projected shape: (546, 100)
2024-07-21 03:41:10,492 - INFO - Best parameters found: {'metric': 'manhattan', 'n_neighbors': 20, 'weights': 'distance'}
2024-07-21 03:41:10,493 - INFO - Best cross-validation accuracy: 0.9066055045871559
2024-07-21 03:41:11,311 - INFO - Bootstrap sample 20 shape: (546, 768), Projected shape: (546, 100)
2024-07-21 03:41:12,334 - INFO - Best parameters found: {'metric': 'manhattan', 'n_neighbors': 20, 'weights': 'distance'}
2024-07-21 03:41:12,334 - INFO - Best cross-validation accuracy: 0.904720600500417
2024-07-21 03:41:13,131 - INFO - Bootstrap sample 21 shape: (546, 768), Projected shape: (546, 100)
2024-07-21 03:41:14,158 - INFO - Best parameters found: {'metric': 'euclidean', 'n_neighbors': 15, 'weights': 'distance'}
2024-07-21 03:41:14,158 - INFO - Best cross-validation accuracy: 0.9157130942452044
2024-07-21 03:41:14,960 - INFO - Bootstrap sample 22 shape: (546, 768), Projected shape: (546, 100)
2024-07-21 03:41:15,990 - INFO - Best parameters found: {'metric': 'euclidean', 'n_neighbors': 10, 'weights': 'distance'}
2024-07-21 03:41:15,991 - INFO - Best cross-validation accuracy: 0.9194662218515429
2024-07-21 03:41:16,788 - INFO - Bootstrap sample 23 shape: (546, 768), Projected shape: (546, 100)
2024-07-21 03:41:17,821 - INFO - Best parameters found: {'metric': 'chebyshev', 'n_neighbors': 10, 'weights': 'distance'}
2024-07-21 03:41:17,821 - INFO - Best cross-validation accuracy: 0.9120767306088406
2024-07-21 03:41:18,613 - INFO - Bootstrap sample 24 shape: (546, 768), Projected shape: (546, 100)
2024-07-21 03:41:19,631 - INFO - Best parameters found: {'metric': 'euclidean', 'n_neighbors': 10, 'weights': 'distance'}
2024-07-21 03:41:19,631 - INFO - Best cross-validation accuracy: 0.8937281067556297
2024-07-21 03:41:20,419 - INFO - Bootstrap sample 25 shape: (546, 768), Projected shape: (546, 100)
2024-07-21 03:41:21,423 - INFO - Best parameters found: {'metric': 'euclidean', 'n_neighbors': 10, 'weights': 'distance'}
2024-07-21 03:41:21,423 - INFO - Best cross-validation accuracy: 0.8974645537948291
2024-07-21 03:41:22,209 - INFO - Bootstrap sample 26 shape: (546, 768), Projected shape: (546, 100)
2024-07-21 03:41:23,233 - INFO - Best parameters found: {'metric': 'chebyshev', 'n_neighbors': 10, 'weights': 'distance'}
2024-07-21 03:41:23,233 - INFO - Best cross-validation accuracy: 0.8937614678899083
2024-07-21 03:41:24,033 - INFO - Bootstrap sample 27 shape: (546, 768), Projected shape: (546, 100)
2024-07-21 03:41:25,042 - INFO - Best parameters found: {'metric': 'euclidean', 'n_neighbors': 15, 'weights': 'distance'}
2024-07-21 03:41:25,043 - INFO - Best cross-validation accuracy: 0.906672226855713
2024-07-21 03:41:25,834 - INFO - Bootstrap sample 28 shape: (546, 768), Projected shape: (546, 100)
2024-07-21 03:41:26,847 - INFO - Best parameters found: {'metric': 'euclidean', 'n_neighbors': 10, 'weights': 'distance'}
2024-07-21 03:41:26,847 - INFO - Best cross-validation accuracy: 0.923069224353628
2024-07-21 03:41:27,617 - INFO - Bootstrap sample 29 shape: (546, 768), Projected shape: (546, 100)
2024-07-21 03:41:28,615 - INFO - Best parameters found: {'metric': 'euclidean', 'n_neighbors': 10, 'weights': 'distance'}
2024-07-21 03:41:28,615 - INFO - Best cross-validation accuracy: 0.9029524603836532
2024-07-21 03:41:29,417 - INFO - Accuracy for method=random, n_components=100, k=None, n_classifiers=30: 0.8077
2024-07-21 03:41:29,419 - INFO - Results saved to breastmnist_forest_knn_results.csv
2024-07-21 03:41:29,419 - INFO - Evaluation completed for method=random, n_components=100, n_classifiers=30
2024-07-21 03:41:29,419 - INFO - 
Starting evaluation for method=random, n_components=200, n_classifiers=20...
2024-07-21 03:41:29,428 - INFO - Bootstrap sample 0 shape: (546, 768), Projected shape: (546, 200)
2024-07-21 03:41:30,724 - INFO - Best parameters found: {'metric': 'euclidean', 'n_neighbors': 17, 'weights': 'distance'}
2024-07-21 03:41:30,724 - INFO - Best cross-validation accuracy: 0.8991826522101751
2024-07-21 03:41:32,280 - INFO - Bootstrap sample 1 shape: (546, 768), Projected shape: (546, 200)
2024-07-21 03:41:33,567 - INFO - Best parameters found: {'metric': 'euclidean', 'n_neighbors': 10, 'weights': 'distance'}
2024-07-21 03:41:33,567 - INFO - Best cross-validation accuracy: 0.9047372810675564
2024-07-21 03:41:35,109 - INFO - Bootstrap sample 2 shape: (546, 768), Projected shape: (546, 200)
2024-07-21 03:41:36,373 - INFO - Best parameters found: {'metric': 'manhattan', 'n_neighbors': 10, 'weights': 'distance'}
2024-07-21 03:41:36,373 - INFO - Best cross-validation accuracy: 0.8901084236864053
2024-07-21 03:41:37,911 - INFO - Bootstrap sample 3 shape: (546, 768), Projected shape: (546, 200)
2024-07-21 03:41:39,178 - INFO - Best parameters found: {'metric': 'euclidean', 'n_neighbors': 15, 'weights': 'distance'}
2024-07-21 03:41:39,178 - INFO - Best cross-validation accuracy: 0.9212510425354463
2024-07-21 03:41:40,699 - INFO - Bootstrap sample 4 shape: (546, 768), Projected shape: (546, 200)
2024-07-21 03:41:41,951 - INFO - Best parameters found: {'metric': 'euclidean', 'n_neighbors': 10, 'weights': 'distance'}
2024-07-21 03:41:41,952 - INFO - Best cross-validation accuracy: 0.8809341117597999
2024-07-21 03:41:43,502 - INFO - Bootstrap sample 5 shape: (546, 768), Projected shape: (546, 200)
2024-07-21 03:41:44,759 - INFO - Best parameters found: {'metric': 'chebyshev', 'n_neighbors': 20, 'weights': 'distance'}
2024-07-21 03:41:44,760 - INFO - Best cross-validation accuracy: 0.9066388657214345
2024-07-21 03:41:46,316 - INFO - Bootstrap sample 6 shape: (546, 768), Projected shape: (546, 200)
2024-07-21 03:41:47,593 - INFO - Best parameters found: {'metric': 'manhattan', 'n_neighbors': 20, 'weights': 'distance'}
2024-07-21 03:41:47,594 - INFO - Best cross-validation accuracy: 0.9102251876563804
2024-07-21 03:41:49,124 - INFO - Bootstrap sample 7 shape: (546, 768), Projected shape: (546, 200)
2024-07-21 03:41:50,398 - INFO - Best parameters found: {'metric': 'manhattan', 'n_neighbors': 15, 'weights': 'distance'}
2024-07-21 03:41:50,398 - INFO - Best cross-validation accuracy: 0.9121267723102585
2024-07-21 03:41:51,932 - INFO - Bootstrap sample 8 shape: (546, 768), Projected shape: (546, 200)
2024-07-21 03:41:53,325 - INFO - Best parameters found: {'metric': 'manhattan', 'n_neighbors': 10, 'weights': 'distance'}
2024-07-21 03:41:53,326 - INFO - Best cross-validation accuracy: 0.9249040867389491
2024-07-21 03:41:54,864 - INFO - Bootstrap sample 9 shape: (546, 768), Projected shape: (546, 200)
2024-07-21 03:41:56,236 - INFO - Best parameters found: {'metric': 'manhattan', 'n_neighbors': 17, 'weights': 'distance'}
2024-07-21 03:41:56,236 - INFO - Best cross-validation accuracy: 0.9047873227689742
2024-07-21 03:41:57,755 - INFO - Bootstrap sample 10 shape: (546, 768), Projected shape: (546, 200)
2024-07-21 03:41:59,025 - INFO - Best parameters found: {'metric': 'euclidean', 'n_neighbors': 10, 'weights': 'distance'}
2024-07-21 03:41:59,025 - INFO - Best cross-validation accuracy: 0.923069224353628
2024-07-21 03:42:00,546 - INFO - Bootstrap sample 11 shape: (546, 768), Projected shape: (546, 200)
2024-07-21 03:42:01,869 - INFO - Best parameters found: {'metric': 'manhattan', 'n_neighbors': 10, 'weights': 'distance'}
2024-07-21 03:42:01,869 - INFO - Best cross-validation accuracy: 0.9304086738949124
2024-07-21 03:42:03,423 - INFO - Bootstrap sample 12 shape: (546, 768), Projected shape: (546, 200)
2024-07-21 03:42:04,791 - INFO - Best parameters found: {'metric': 'euclidean', 'n_neighbors': 15, 'weights': 'distance'}
2024-07-21 03:42:04,792 - INFO - Best cross-validation accuracy: 0.9065721434528774
2024-07-21 03:42:06,337 - INFO - Bootstrap sample 13 shape: (546, 768), Projected shape: (546, 200)
2024-07-21 03:42:07,682 - INFO - Best parameters found: {'metric': 'euclidean', 'n_neighbors': 17, 'weights': 'distance'}
2024-07-21 03:42:07,682 - INFO - Best cross-validation accuracy: 0.9102418682235196
2024-07-21 03:42:09,208 - INFO - Bootstrap sample 14 shape: (546, 768), Projected shape: (546, 200)
2024-07-21 03:42:10,525 - INFO - Best parameters found: {'metric': 'euclidean', 'n_neighbors': 10, 'weights': 'distance'}
2024-07-21 03:42:10,525 - INFO - Best cross-validation accuracy: 0.89557964970809
2024-07-21 03:42:12,099 - INFO - Bootstrap sample 15 shape: (546, 768), Projected shape: (546, 200)
2024-07-21 03:42:13,380 - INFO - Best parameters found: {'metric': 'manhattan', 'n_neighbors': 20, 'weights': 'distance'}
2024-07-21 03:42:13,380 - INFO - Best cross-validation accuracy: 0.9029691409507924
2024-07-21 03:42:14,931 - INFO - Bootstrap sample 16 shape: (546, 768), Projected shape: (546, 200)
2024-07-21 03:42:16,221 - INFO - Best parameters found: {'metric': 'manhattan', 'n_neighbors': 10, 'weights': 'distance'}
2024-07-21 03:42:16,222 - INFO - Best cross-validation accuracy: 0.9120600500417014
2024-07-21 03:42:17,748 - INFO - Bootstrap sample 17 shape: (546, 768), Projected shape: (546, 200)
2024-07-21 03:42:19,037 - INFO - Best parameters found: {'metric': 'manhattan', 'n_neighbors': 20, 'weights': 'distance'}
2024-07-21 03:42:19,037 - INFO - Best cross-validation accuracy: 0.8974478732276898
2024-07-21 03:42:20,588 - INFO - Bootstrap sample 18 shape: (546, 768), Projected shape: (546, 200)
2024-07-21 03:42:21,871 - INFO - Best parameters found: {'metric': 'manhattan', 'n_neighbors': 10, 'weights': 'distance'}
2024-07-21 03:42:21,871 - INFO - Best cross-validation accuracy: 0.8956463719766472
2024-07-21 03:42:23,412 - INFO - Bootstrap sample 19 shape: (546, 768), Projected shape: (546, 200)
2024-07-21 03:42:24,703 - INFO - Best parameters found: {'metric': 'manhattan', 'n_neighbors': 10, 'weights': 'distance'}
2024-07-21 03:42:24,703 - INFO - Best cross-validation accuracy: 0.9102418682235196
2024-07-21 03:42:26,284 - INFO - Accuracy for method=random, n_components=200, k=None, n_classifiers=20: 0.8077
2024-07-21 03:42:26,287 - INFO - Results saved to breastmnist_forest_knn_results.csv
2024-07-21 03:42:26,287 - INFO - Evaluation completed for method=random, n_components=200, n_classifiers=20
2024-07-21 03:42:26,287 - INFO - 
Starting evaluation for method=random, n_components=200, n_classifiers=30...
2024-07-21 03:42:26,296 - INFO - Bootstrap sample 0 shape: (546, 768), Projected shape: (546, 200)
2024-07-21 03:42:27,586 - INFO - Best parameters found: {'metric': 'euclidean', 'n_neighbors': 17, 'weights': 'distance'}
2024-07-21 03:42:27,586 - INFO - Best cross-validation accuracy: 0.8991826522101751
2024-07-21 03:42:29,146 - INFO - Bootstrap sample 1 shape: (546, 768), Projected shape: (546, 200)
2024-07-21 03:42:30,438 - INFO - Best parameters found: {'metric': 'euclidean', 'n_neighbors': 10, 'weights': 'distance'}
2024-07-21 03:42:30,439 - INFO - Best cross-validation accuracy: 0.9047372810675564
2024-07-21 03:42:32,000 - INFO - Bootstrap sample 2 shape: (546, 768), Projected shape: (546, 200)
2024-07-21 03:42:33,299 - INFO - Best parameters found: {'metric': 'manhattan', 'n_neighbors': 10, 'weights': 'distance'}
2024-07-21 03:42:33,299 - INFO - Best cross-validation accuracy: 0.8901084236864053
2024-07-21 03:42:34,847 - INFO - Bootstrap sample 3 shape: (546, 768), Projected shape: (546, 200)
2024-07-21 03:42:36,142 - INFO - Best parameters found: {'metric': 'euclidean', 'n_neighbors': 15, 'weights': 'distance'}
2024-07-21 03:42:36,143 - INFO - Best cross-validation accuracy: 0.9212510425354463
2024-07-21 03:42:37,674 - INFO - Bootstrap sample 4 shape: (546, 768), Projected shape: (546, 200)
2024-07-21 03:42:38,953 - INFO - Best parameters found: {'metric': 'euclidean', 'n_neighbors': 10, 'weights': 'distance'}
2024-07-21 03:42:38,954 - INFO - Best cross-validation accuracy: 0.8809341117597999
2024-07-21 03:42:40,514 - INFO - Bootstrap sample 5 shape: (546, 768), Projected shape: (546, 200)
2024-07-21 03:42:41,791 - INFO - Best parameters found: {'metric': 'chebyshev', 'n_neighbors': 20, 'weights': 'distance'}
2024-07-21 03:42:41,792 - INFO - Best cross-validation accuracy: 0.9066388657214345
2024-07-21 03:42:43,348 - INFO - Bootstrap sample 6 shape: (546, 768), Projected shape: (546, 200)
2024-07-21 03:42:44,640 - INFO - Best parameters found: {'metric': 'manhattan', 'n_neighbors': 20, 'weights': 'distance'}
2024-07-21 03:42:44,640 - INFO - Best cross-validation accuracy: 0.9102251876563804
2024-07-21 03:42:46,172 - INFO - Bootstrap sample 7 shape: (546, 768), Projected shape: (546, 200)
2024-07-21 03:42:47,473 - INFO - Best parameters found: {'metric': 'manhattan', 'n_neighbors': 15, 'weights': 'distance'}
2024-07-21 03:42:47,473 - INFO - Best cross-validation accuracy: 0.9121267723102585
2024-07-21 03:42:49,007 - INFO - Bootstrap sample 8 shape: (546, 768), Projected shape: (546, 200)
2024-07-21 03:42:50,284 - INFO - Best parameters found: {'metric': 'manhattan', 'n_neighbors': 10, 'weights': 'distance'}
2024-07-21 03:42:50,284 - INFO - Best cross-validation accuracy: 0.9249040867389491
2024-07-21 03:42:51,819 - INFO - Bootstrap sample 9 shape: (546, 768), Projected shape: (546, 200)
2024-07-21 03:42:53,101 - INFO - Best parameters found: {'metric': 'manhattan', 'n_neighbors': 17, 'weights': 'distance'}
2024-07-21 03:42:53,101 - INFO - Best cross-validation accuracy: 0.9047873227689742
2024-07-21 03:42:54,619 - INFO - Bootstrap sample 10 shape: (546, 768), Projected shape: (546, 200)
2024-07-21 03:42:55,896 - INFO - Best parameters found: {'metric': 'euclidean', 'n_neighbors': 10, 'weights': 'distance'}
2024-07-21 03:42:55,896 - INFO - Best cross-validation accuracy: 0.923069224353628
2024-07-21 03:42:57,419 - INFO - Bootstrap sample 11 shape: (546, 768), Projected shape: (546, 200)
2024-07-21 03:42:58,719 - INFO - Best parameters found: {'metric': 'manhattan', 'n_neighbors': 10, 'weights': 'distance'}
2024-07-21 03:42:58,719 - INFO - Best cross-validation accuracy: 0.9304086738949124
2024-07-21 03:43:00,253 - INFO - Bootstrap sample 12 shape: (546, 768), Projected shape: (546, 200)
2024-07-21 03:43:01,552 - INFO - Best parameters found: {'metric': 'euclidean', 'n_neighbors': 15, 'weights': 'distance'}
2024-07-21 03:43:01,553 - INFO - Best cross-validation accuracy: 0.9065721434528774
2024-07-21 03:43:03,088 - INFO - Bootstrap sample 13 shape: (546, 768), Projected shape: (546, 200)
2024-07-21 03:43:04,379 - INFO - Best parameters found: {'metric': 'euclidean', 'n_neighbors': 17, 'weights': 'distance'}
2024-07-21 03:43:04,379 - INFO - Best cross-validation accuracy: 0.9102418682235196
2024-07-21 03:43:05,887 - INFO - Bootstrap sample 14 shape: (546, 768), Projected shape: (546, 200)
2024-07-21 03:43:07,187 - INFO - Best parameters found: {'metric': 'euclidean', 'n_neighbors': 10, 'weights': 'distance'}
2024-07-21 03:43:07,188 - INFO - Best cross-validation accuracy: 0.89557964970809
2024-07-21 03:43:08,763 - INFO - Bootstrap sample 15 shape: (546, 768), Projected shape: (546, 200)
2024-07-21 03:43:10,048 - INFO - Best parameters found: {'metric': 'manhattan', 'n_neighbors': 20, 'weights': 'distance'}
2024-07-21 03:43:10,049 - INFO - Best cross-validation accuracy: 0.9029691409507924
2024-07-21 03:43:11,597 - INFO - Bootstrap sample 16 shape: (546, 768), Projected shape: (546, 200)
2024-07-21 03:43:12,884 - INFO - Best parameters found: {'metric': 'manhattan', 'n_neighbors': 10, 'weights': 'distance'}
2024-07-21 03:43:12,884 - INFO - Best cross-validation accuracy: 0.9120600500417014
2024-07-21 03:43:14,413 - INFO - Bootstrap sample 17 shape: (546, 768), Projected shape: (546, 200)
2024-07-21 03:43:15,700 - INFO - Best parameters found: {'metric': 'manhattan', 'n_neighbors': 20, 'weights': 'distance'}
2024-07-21 03:43:15,700 - INFO - Best cross-validation accuracy: 0.8974478732276898
2024-07-21 03:43:17,255 - INFO - Bootstrap sample 18 shape: (546, 768), Projected shape: (546, 200)
2024-07-21 03:43:18,548 - INFO - Best parameters found: {'metric': 'manhattan', 'n_neighbors': 10, 'weights': 'distance'}
2024-07-21 03:43:18,548 - INFO - Best cross-validation accuracy: 0.8956463719766472
2024-07-21 03:43:20,090 - INFO - Bootstrap sample 19 shape: (546, 768), Projected shape: (546, 200)
2024-07-21 03:43:21,381 - INFO - Best parameters found: {'metric': 'manhattan', 'n_neighbors': 10, 'weights': 'distance'}
2024-07-21 03:43:21,382 - INFO - Best cross-validation accuracy: 0.9102418682235196
2024-07-21 03:43:22,959 - INFO - Bootstrap sample 20 shape: (546, 768), Projected shape: (546, 200)
2024-07-21 03:43:24,240 - INFO - Best parameters found: {'metric': 'euclidean', 'n_neighbors': 15, 'weights': 'distance'}
2024-07-21 03:43:24,240 - INFO - Best cross-validation accuracy: 0.9065554628857381
2024-07-21 03:43:25,779 - INFO - Bootstrap sample 21 shape: (546, 768), Projected shape: (546, 200)
2024-07-21 03:43:27,079 - INFO - Best parameters found: {'metric': 'euclidean', 'n_neighbors': 15, 'weights': 'distance'}
2024-07-21 03:43:27,079 - INFO - Best cross-validation accuracy: 0.9102418682235196
2024-07-21 03:43:28,611 - INFO - Bootstrap sample 22 shape: (546, 768), Projected shape: (546, 200)
2024-07-21 03:43:29,900 - INFO - Best parameters found: {'metric': 'manhattan', 'n_neighbors': 15, 'weights': 'distance'}
2024-07-21 03:43:29,901 - INFO - Best cross-validation accuracy: 0.9103085904920768
2024-07-21 03:43:31,446 - INFO - Bootstrap sample 23 shape: (546, 768), Projected shape: (546, 200)
2024-07-21 03:43:32,729 - INFO - Best parameters found: {'metric': 'manhattan', 'n_neighbors': 15, 'weights': 'distance'}
2024-07-21 03:43:32,729 - INFO - Best cross-validation accuracy: 0.9065554628857381
2024-07-21 03:43:34,260 - INFO - Bootstrap sample 24 shape: (546, 768), Projected shape: (546, 200)
2024-07-21 03:43:35,639 - INFO - Best parameters found: {'metric': 'euclidean', 'n_neighbors': 10, 'weights': 'distance'}
2024-07-21 03:43:35,639 - INFO - Best cross-validation accuracy: 0.8845871559633027
2024-07-21 03:43:37,186 - INFO - Bootstrap sample 25 shape: (546, 768), Projected shape: (546, 200)
2024-07-21 03:43:38,508 - INFO - Best parameters found: {'metric': 'manhattan', 'n_neighbors': 10, 'weights': 'distance'}
2024-07-21 03:43:38,509 - INFO - Best cross-validation accuracy: 0.9157297748123435
2024-07-21 03:43:40,025 - INFO - Bootstrap sample 26 shape: (546, 768), Projected shape: (546, 200)
2024-07-21 03:43:41,292 - INFO - Best parameters found: {'metric': 'manhattan', 'n_neighbors': 10, 'weights': 'distance'}
2024-07-21 03:43:41,292 - INFO - Best cross-validation accuracy: 0.8882402001668057
2024-07-21 03:43:42,839 - INFO - Bootstrap sample 27 shape: (546, 768), Projected shape: (546, 200)
2024-07-21 03:43:44,118 - INFO - Best parameters found: {'metric': 'euclidean', 'n_neighbors': 10, 'weights': 'distance'}
2024-07-21 03:43:44,119 - INFO - Best cross-validation accuracy: 0.904837364470392
2024-07-21 03:43:45,641 - INFO - Bootstrap sample 28 shape: (546, 768), Projected shape: (546, 200)
2024-07-21 03:43:46,912 - INFO - Best parameters found: {'metric': 'chebyshev', 'n_neighbors': 10, 'weights': 'distance'}
2024-07-21 03:43:46,912 - INFO - Best cross-validation accuracy: 0.9267055879899917
2024-07-21 03:43:48,393 - INFO - Bootstrap sample 29 shape: (546, 768), Projected shape: (546, 200)
2024-07-21 03:43:49,648 - INFO - Best parameters found: {'metric': 'euclidean', 'n_neighbors': 10, 'weights': 'distance'}
2024-07-21 03:43:49,649 - INFO - Best cross-validation accuracy: 0.9102752293577983
2024-07-21 03:43:51,190 - INFO - Accuracy for method=random, n_components=200, k=None, n_classifiers=30: 0.7949
2024-07-21 03:43:51,192 - INFO - Results saved to breastmnist_forest_knn_results.csv
2024-07-21 03:43:51,192 - INFO - Evaluation completed for method=random, n_components=200, n_classifiers=30
2024-07-21 03:43:51,193 - INFO - 
Starting evaluation for method=pca, n_components=100, n_classifiers=20...
2024-07-21 03:43:51,331 - INFO - Bootstrap sample 0 shape: (546, 768), Projected shape: (546, 100)
2024-07-21 03:43:52,281 - INFO - Best parameters found: {'metric': 'euclidean', 'n_neighbors': 17, 'weights': 'distance'}
2024-07-21 03:43:52,281 - INFO - Best cross-validation accuracy: 0.9156797331109259
2024-07-21 03:43:53,219 - INFO - Bootstrap sample 1 shape: (546, 768), Projected shape: (546, 100)
2024-07-21 03:43:54,161 - INFO - Best parameters found: {'metric': 'euclidean', 'n_neighbors': 10, 'weights': 'distance'}
2024-07-21 03:43:54,161 - INFO - Best cross-validation accuracy: 0.89557964970809
2024-07-21 03:43:55,080 - INFO - Bootstrap sample 2 shape: (546, 768), Projected shape: (546, 100)
2024-07-21 03:43:56,024 - INFO - Best parameters found: {'metric': 'manhattan', 'n_neighbors': 10, 'weights': 'distance'}
2024-07-21 03:43:56,024 - INFO - Best cross-validation accuracy: 0.8974645537948291
2024-07-21 03:43:56,933 - INFO - Bootstrap sample 3 shape: (546, 768), Projected shape: (546, 100)
2024-07-21 03:43:57,887 - INFO - Best parameters found: {'metric': 'chebyshev', 'n_neighbors': 17, 'weights': 'distance'}
2024-07-21 03:43:57,887 - INFO - Best cross-validation accuracy: 0.9212510425354463
2024-07-21 03:43:58,794 - INFO - Bootstrap sample 4 shape: (546, 768), Projected shape: (546, 100)
2024-07-21 03:43:59,737 - INFO - Best parameters found: {'metric': 'euclidean', 'n_neighbors': 17, 'weights': 'distance'}
2024-07-21 03:43:59,738 - INFO - Best cross-validation accuracy: 0.8790992493744787
2024-07-21 03:44:00,670 - INFO - Bootstrap sample 5 shape: (546, 768), Projected shape: (546, 100)
2024-07-21 03:44:01,630 - INFO - Best parameters found: {'metric': 'euclidean', 'n_neighbors': 17, 'weights': 'distance'}
2024-07-21 03:44:01,631 - INFO - Best cross-validation accuracy: 0.9139449541284403
2024-07-21 03:44:02,538 - INFO - Bootstrap sample 6 shape: (546, 768), Projected shape: (546, 100)
2024-07-21 03:44:03,482 - INFO - Best parameters found: {'metric': 'euclidean', 'n_neighbors': 20, 'weights': 'distance'}
2024-07-21 03:44:03,482 - INFO - Best cross-validation accuracy: 0.9212176814011677
2024-07-21 03:44:04,384 - INFO - Bootstrap sample 7 shape: (546, 768), Projected shape: (546, 100)
2024-07-21 03:44:05,333 - INFO - Best parameters found: {'metric': 'euclidean', 'n_neighbors': 10, 'weights': 'distance'}
2024-07-21 03:44:05,334 - INFO - Best cross-validation accuracy: 0.9065888240200168
2024-07-21 03:44:06,234 - INFO - Bootstrap sample 8 shape: (546, 768), Projected shape: (546, 100)
2024-07-21 03:44:07,180 - INFO - Best parameters found: {'metric': 'euclidean', 'n_neighbors': 10, 'weights': 'distance'}
2024-07-21 03:44:07,180 - INFO - Best cross-validation accuracy: 0.9249207673060885
2024-07-21 03:44:08,088 - INFO - Bootstrap sample 9 shape: (546, 768), Projected shape: (546, 100)
2024-07-21 03:44:09,036 - INFO - Best parameters found: {'metric': 'manhattan', 'n_neighbors': 20, 'weights': 'distance'}
2024-07-21 03:44:09,036 - INFO - Best cross-validation accuracy: 0.9175479566305255
2024-07-21 03:44:09,937 - INFO - Bootstrap sample 10 shape: (546, 768), Projected shape: (546, 100)
2024-07-21 03:44:10,881 - INFO - Best parameters found: {'metric': 'euclidean', 'n_neighbors': 17, 'weights': 'distance'}
2024-07-21 03:44:10,881 - INFO - Best cross-validation accuracy: 0.9249040867389491
2024-07-21 03:44:11,786 - INFO - Bootstrap sample 11 shape: (546, 768), Projected shape: (546, 100)
2024-07-21 03:44:12,728 - INFO - Best parameters found: {'metric': 'euclidean', 'n_neighbors': 15, 'weights': 'distance'}
2024-07-21 03:44:12,729 - INFO - Best cross-validation accuracy: 0.9267556296914095
2024-07-21 03:44:13,634 - INFO - Bootstrap sample 12 shape: (546, 768), Projected shape: (546, 100)
2024-07-21 03:44:14,579 - INFO - Best parameters found: {'metric': 'euclidean', 'n_neighbors': 10, 'weights': 'distance'}
2024-07-21 03:44:14,579 - INFO - Best cross-validation accuracy: 0.9157297748123436
2024-07-21 03:44:15,492 - INFO - Bootstrap sample 13 shape: (546, 768), Projected shape: (546, 100)
2024-07-21 03:44:16,434 - INFO - Best parameters found: {'metric': 'euclidean', 'n_neighbors': 10, 'weights': 'distance'}
2024-07-21 03:44:16,434 - INFO - Best cross-validation accuracy: 0.9157464553794827
2024-07-21 03:44:17,330 - INFO - Bootstrap sample 14 shape: (546, 768), Projected shape: (546, 100)
2024-07-21 03:44:18,274 - INFO - Best parameters found: {'metric': 'euclidean', 'n_neighbors': 10, 'weights': 'distance'}
2024-07-21 03:44:18,275 - INFO - Best cross-validation accuracy: 0.9047539616346956
2024-07-21 03:44:19,190 - INFO - Bootstrap sample 15 shape: (546, 768), Projected shape: (546, 100)
2024-07-21 03:44:20,138 - INFO - Best parameters found: {'metric': 'manhattan', 'n_neighbors': 20, 'weights': 'distance'}
2024-07-21 03:44:20,138 - INFO - Best cross-validation accuracy: 0.9065554628857381
2024-07-21 03:44:21,060 - INFO - Bootstrap sample 16 shape: (546, 768), Projected shape: (546, 100)
2024-07-21 03:44:22,005 - INFO - Best parameters found: {'metric': 'euclidean', 'n_neighbors': 10, 'weights': 'distance'}
2024-07-21 03:44:22,005 - INFO - Best cross-validation accuracy: 0.9047372810675564
2024-07-21 03:44:22,907 - INFO - Bootstrap sample 17 shape: (546, 768), Projected shape: (546, 100)
2024-07-21 03:44:23,854 - INFO - Best parameters found: {'metric': 'euclidean', 'n_neighbors': 10, 'weights': 'distance'}
2024-07-21 03:44:23,855 - INFO - Best cross-validation accuracy: 0.8992660550458715
2024-07-21 03:44:24,775 - INFO - Bootstrap sample 18 shape: (546, 768), Projected shape: (546, 100)
2024-07-21 03:44:25,715 - INFO - Best parameters found: {'metric': 'manhattan', 'n_neighbors': 10, 'weights': 'distance'}
2024-07-21 03:44:25,716 - INFO - Best cross-validation accuracy: 0.8992493744787323
2024-07-21 03:44:26,627 - INFO - Bootstrap sample 19 shape: (546, 768), Projected shape: (546, 100)
2024-07-21 03:44:27,566 - INFO - Best parameters found: {'metric': 'euclidean', 'n_neighbors': 17, 'weights': 'distance'}
2024-07-21 03:44:27,567 - INFO - Best cross-validation accuracy: 0.9102919099249375
2024-07-21 03:44:28,369 - INFO - Accuracy for method=pca, n_components=100, k=None, n_classifiers=20: 0.7885
2024-07-21 03:44:28,371 - INFO - Results saved to breastmnist_forest_knn_results.csv
2024-07-21 03:44:28,372 - INFO - Evaluation completed for method=pca, n_components=100, n_classifiers=20
2024-07-21 03:44:28,372 - INFO - 
Starting evaluation for method=pca, n_components=100, n_classifiers=30...
2024-07-21 03:44:28,521 - INFO - Bootstrap sample 0 shape: (546, 768), Projected shape: (546, 100)
2024-07-21 03:44:29,466 - INFO - Best parameters found: {'metric': 'euclidean', 'n_neighbors': 17, 'weights': 'distance'}
2024-07-21 03:44:29,466 - INFO - Best cross-validation accuracy: 0.9156797331109259
2024-07-21 03:44:30,419 - INFO - Bootstrap sample 1 shape: (546, 768), Projected shape: (546, 100)
2024-07-21 03:44:31,366 - INFO - Best parameters found: {'metric': 'euclidean', 'n_neighbors': 10, 'weights': 'distance'}
2024-07-21 03:44:31,366 - INFO - Best cross-validation accuracy: 0.89557964970809
2024-07-21 03:44:32,281 - INFO - Bootstrap sample 2 shape: (546, 768), Projected shape: (546, 100)
2024-07-21 03:44:33,226 - INFO - Best parameters found: {'metric': 'manhattan', 'n_neighbors': 10, 'weights': 'distance'}
2024-07-21 03:44:33,227 - INFO - Best cross-validation accuracy: 0.8974645537948291
2024-07-21 03:44:34,140 - INFO - Bootstrap sample 3 shape: (546, 768), Projected shape: (546, 100)
2024-07-21 03:44:35,097 - INFO - Best parameters found: {'metric': 'chebyshev', 'n_neighbors': 17, 'weights': 'distance'}
2024-07-21 03:44:35,098 - INFO - Best cross-validation accuracy: 0.9212510425354463
2024-07-21 03:44:36,012 - INFO - Bootstrap sample 4 shape: (546, 768), Projected shape: (546, 100)
2024-07-21 03:44:36,962 - INFO - Best parameters found: {'metric': 'euclidean', 'n_neighbors': 17, 'weights': 'distance'}
2024-07-21 03:44:36,962 - INFO - Best cross-validation accuracy: 0.8790992493744787
2024-07-21 03:44:37,879 - INFO - Bootstrap sample 5 shape: (546, 768), Projected shape: (546, 100)
2024-07-21 03:44:38,818 - INFO - Best parameters found: {'metric': 'euclidean', 'n_neighbors': 17, 'weights': 'distance'}
2024-07-21 03:44:38,819 - INFO - Best cross-validation accuracy: 0.9139449541284403
2024-07-21 03:44:39,723 - INFO - Bootstrap sample 6 shape: (546, 768), Projected shape: (546, 100)
2024-07-21 03:44:40,669 - INFO - Best parameters found: {'metric': 'euclidean', 'n_neighbors': 20, 'weights': 'distance'}
2024-07-21 03:44:40,670 - INFO - Best cross-validation accuracy: 0.9212176814011677
2024-07-21 03:44:41,581 - INFO - Bootstrap sample 7 shape: (546, 768), Projected shape: (546, 100)
2024-07-21 03:44:42,564 - INFO - Best parameters found: {'metric': 'euclidean', 'n_neighbors': 10, 'weights': 'distance'}
2024-07-21 03:44:42,565 - INFO - Best cross-validation accuracy: 0.9065888240200168
2024-07-21 03:44:43,461 - INFO - Bootstrap sample 8 shape: (546, 768), Projected shape: (546, 100)
2024-07-21 03:44:44,411 - INFO - Best parameters found: {'metric': 'euclidean', 'n_neighbors': 10, 'weights': 'distance'}
2024-07-21 03:44:44,411 - INFO - Best cross-validation accuracy: 0.9249207673060885
2024-07-21 03:44:45,317 - INFO - Bootstrap sample 9 shape: (546, 768), Projected shape: (546, 100)
2024-07-21 03:44:46,261 - INFO - Best parameters found: {'metric': 'manhattan', 'n_neighbors': 20, 'weights': 'distance'}
2024-07-21 03:44:46,261 - INFO - Best cross-validation accuracy: 0.9175479566305255
2024-07-21 03:44:47,159 - INFO - Bootstrap sample 10 shape: (546, 768), Projected shape: (546, 100)
2024-07-21 03:44:48,100 - INFO - Best parameters found: {'metric': 'euclidean', 'n_neighbors': 17, 'weights': 'distance'}
2024-07-21 03:44:48,100 - INFO - Best cross-validation accuracy: 0.9249040867389491
2024-07-21 03:44:49,004 - INFO - Bootstrap sample 11 shape: (546, 768), Projected shape: (546, 100)
2024-07-21 03:44:49,947 - INFO - Best parameters found: {'metric': 'euclidean', 'n_neighbors': 15, 'weights': 'distance'}
2024-07-21 03:44:49,948 - INFO - Best cross-validation accuracy: 0.9267556296914095
2024-07-21 03:44:50,855 - INFO - Bootstrap sample 12 shape: (546, 768), Projected shape: (546, 100)
2024-07-21 03:44:51,798 - INFO - Best parameters found: {'metric': 'euclidean', 'n_neighbors': 10, 'weights': 'distance'}
2024-07-21 03:44:51,799 - INFO - Best cross-validation accuracy: 0.9157297748123436
2024-07-21 03:44:52,710 - INFO - Bootstrap sample 13 shape: (546, 768), Projected shape: (546, 100)
2024-07-21 03:44:53,650 - INFO - Best parameters found: {'metric': 'euclidean', 'n_neighbors': 10, 'weights': 'distance'}
2024-07-21 03:44:53,650 - INFO - Best cross-validation accuracy: 0.9157464553794827
2024-07-21 03:44:54,550 - INFO - Bootstrap sample 14 shape: (546, 768), Projected shape: (546, 100)
2024-07-21 03:44:55,491 - INFO - Best parameters found: {'metric': 'euclidean', 'n_neighbors': 10, 'weights': 'distance'}
2024-07-21 03:44:55,491 - INFO - Best cross-validation accuracy: 0.9047539616346956
2024-07-21 03:44:56,406 - INFO - Bootstrap sample 15 shape: (546, 768), Projected shape: (546, 100)
2024-07-21 03:44:57,345 - INFO - Best parameters found: {'metric': 'manhattan', 'n_neighbors': 20, 'weights': 'distance'}
2024-07-21 03:44:57,345 - INFO - Best cross-validation accuracy: 0.9065554628857381
2024-07-21 03:44:58,261 - INFO - Bootstrap sample 16 shape: (546, 768), Projected shape: (546, 100)
2024-07-21 03:44:59,205 - INFO - Best parameters found: {'metric': 'euclidean', 'n_neighbors': 10, 'weights': 'distance'}
2024-07-21 03:44:59,205 - INFO - Best cross-validation accuracy: 0.9047372810675564
2024-07-21 03:45:00,136 - INFO - Bootstrap sample 17 shape: (546, 768), Projected shape: (546, 100)
2024-07-21 03:45:01,075 - INFO - Best parameters found: {'metric': 'euclidean', 'n_neighbors': 10, 'weights': 'distance'}
2024-07-21 03:45:01,076 - INFO - Best cross-validation accuracy: 0.8992660550458715
2024-07-21 03:45:01,989 - INFO - Bootstrap sample 18 shape: (546, 768), Projected shape: (546, 100)
2024-07-21 03:45:02,933 - INFO - Best parameters found: {'metric': 'manhattan', 'n_neighbors': 10, 'weights': 'distance'}
2024-07-21 03:45:02,934 - INFO - Best cross-validation accuracy: 0.8992493744787323
2024-07-21 03:45:03,838 - INFO - Bootstrap sample 19 shape: (546, 768), Projected shape: (546, 100)
2024-07-21 03:45:04,774 - INFO - Best parameters found: {'metric': 'euclidean', 'n_neighbors': 17, 'weights': 'distance'}
2024-07-21 03:45:04,774 - INFO - Best cross-validation accuracy: 0.9102919099249375
2024-07-21 03:45:05,696 - INFO - Bootstrap sample 20 shape: (546, 768), Projected shape: (546, 100)
2024-07-21 03:45:06,636 - INFO - Best parameters found: {'metric': 'manhattan', 'n_neighbors': 10, 'weights': 'distance'}
2024-07-21 03:45:06,637 - INFO - Best cross-validation accuracy: 0.9230358632193495
2024-07-21 03:45:07,541 - INFO - Bootstrap sample 21 shape: (546, 768), Projected shape: (546, 100)
2024-07-21 03:45:08,481 - INFO - Best parameters found: {'metric': 'chebyshev', 'n_neighbors': 10, 'weights': 'distance'}
2024-07-21 03:45:08,481 - INFO - Best cross-validation accuracy: 0.9267055879899917
2024-07-21 03:45:09,386 - INFO - Bootstrap sample 22 shape: (546, 768), Projected shape: (546, 100)
2024-07-21 03:45:10,318 - INFO - Best parameters found: {'metric': 'euclidean', 'n_neighbors': 17, 'weights': 'distance'}
2024-07-21 03:45:10,318 - INFO - Best cross-validation accuracy: 0.919466221851543
2024-07-21 03:45:11,216 - INFO - Bootstrap sample 23 shape: (546, 768), Projected shape: (546, 100)
2024-07-21 03:45:12,149 - INFO - Best parameters found: {'metric': 'euclidean', 'n_neighbors': 10, 'weights': 'distance'}
2024-07-21 03:45:12,150 - INFO - Best cross-validation accuracy: 0.9047706422018349
2024-07-21 03:45:13,051 - INFO - Bootstrap sample 24 shape: (546, 768), Projected shape: (546, 100)
2024-07-21 03:45:13,990 - INFO - Best parameters found: {'metric': 'euclidean', 'n_neighbors': 10, 'weights': 'distance'}
2024-07-21 03:45:13,990 - INFO - Best cross-validation accuracy: 0.899232693911593
2024-07-21 03:45:14,888 - INFO - Bootstrap sample 25 shape: (546, 768), Projected shape: (546, 100)
2024-07-21 03:45:15,829 - INFO - Best parameters found: {'metric': 'euclidean', 'n_neighbors': 10, 'weights': 'distance'}
2024-07-21 03:45:15,829 - INFO - Best cross-validation accuracy: 0.9193994995829857
2024-07-21 03:45:16,734 - INFO - Bootstrap sample 26 shape: (546, 768), Projected shape: (546, 100)
2024-07-21 03:45:17,672 - INFO - Best parameters found: {'metric': 'manhattan', 'n_neighbors': 10, 'weights': 'distance'}
2024-07-21 03:45:17,672 - INFO - Best cross-validation accuracy: 0.8974478732276898
2024-07-21 03:45:18,586 - INFO - Bootstrap sample 27 shape: (546, 768), Projected shape: (546, 100)
2024-07-21 03:45:19,527 - INFO - Best parameters found: {'metric': 'euclidean', 'n_neighbors': 17, 'weights': 'distance'}
2024-07-21 03:45:19,527 - INFO - Best cross-validation accuracy: 0.9139616346955798
2024-07-21 03:45:20,436 - INFO - Bootstrap sample 28 shape: (546, 768), Projected shape: (546, 100)
2024-07-21 03:45:21,380 - INFO - Best parameters found: {'metric': 'manhattan', 'n_neighbors': 10, 'weights': 'distance'}
2024-07-21 03:45:21,381 - INFO - Best cross-validation accuracy: 0.9285404503753127
2024-07-21 03:45:22,291 - INFO - Bootstrap sample 29 shape: (546, 768), Projected shape: (546, 100)
2024-07-21 03:45:23,224 - INFO - Best parameters found: {'metric': 'manhattan', 'n_neighbors': 10, 'weights': 'distance'}
2024-07-21 03:45:23,224 - INFO - Best cross-validation accuracy: 0.9194328607172644
2024-07-21 03:45:24,014 - INFO - Accuracy for method=pca, n_components=100, k=None, n_classifiers=30: 0.7885
2024-07-21 03:45:24,016 - INFO - Results saved to breastmnist_forest_knn_results.csv
2024-07-21 03:45:24,016 - INFO - Evaluation completed for method=pca, n_components=100, n_classifiers=30
2024-07-21 03:45:24,016 - INFO - 
Starting evaluation for method=pca, n_components=200, n_classifiers=20...
2024-07-21 03:45:24,317 - INFO - Bootstrap sample 0 shape: (546, 768), Projected shape: (546, 200)
2024-07-21 03:45:25,561 - INFO - Best parameters found: {'metric': 'euclidean', 'n_neighbors': 15, 'weights': 'distance'}
2024-07-21 03:45:25,561 - INFO - Best cross-validation accuracy: 0.9175479566305256
2024-07-21 03:45:27,419 - INFO - Bootstrap sample 1 shape: (546, 768), Projected shape: (546, 200)
2024-07-21 03:45:28,598 - INFO - Best parameters found: {'metric': 'euclidean', 'n_neighbors': 10, 'weights': 'distance'}
2024-07-21 03:45:28,598 - INFO - Best cross-validation accuracy: 0.8919099249374479
2024-07-21 03:45:30,492 - INFO - Bootstrap sample 2 shape: (546, 768), Projected shape: (546, 200)
2024-07-21 03:45:31,667 - INFO - Best parameters found: {'metric': 'chebyshev', 'n_neighbors': 10, 'weights': 'distance'}
2024-07-21 03:45:31,668 - INFO - Best cross-validation accuracy: 0.8919432860717265
2024-07-21 03:45:33,501 - INFO - Bootstrap sample 3 shape: (546, 768), Projected shape: (546, 200)
2024-07-21 03:45:34,682 - INFO - Best parameters found: {'metric': 'euclidean', 'n_neighbors': 20, 'weights': 'distance'}
2024-07-21 03:45:34,682 - INFO - Best cross-validation accuracy: 0.923069224353628
2024-07-21 03:45:36,507 - INFO - Bootstrap sample 4 shape: (546, 768), Projected shape: (546, 200)
2024-07-21 03:45:37,690 - INFO - Best parameters found: {'metric': 'euclidean', 'n_neighbors': 10, 'weights': 'distance'}
2024-07-21 03:45:37,690 - INFO - Best cross-validation accuracy: 0.8754628857381151
2024-07-21 03:45:39,542 - INFO - Bootstrap sample 5 shape: (546, 768), Projected shape: (546, 200)
2024-07-21 03:45:40,719 - INFO - Best parameters found: {'metric': 'euclidean', 'n_neighbors': 17, 'weights': 'distance'}
2024-07-21 03:45:40,719 - INFO - Best cross-validation accuracy: 0.9121100917431193
2024-07-21 03:45:42,555 - INFO - Bootstrap sample 6 shape: (546, 768), Projected shape: (546, 200)
2024-07-21 03:45:43,730 - INFO - Best parameters found: {'metric': 'chebyshev', 'n_neighbors': 15, 'weights': 'distance'}
2024-07-21 03:45:43,730 - INFO - Best cross-validation accuracy: 0.9194328607172644
2024-07-21 03:45:45,551 - INFO - Bootstrap sample 7 shape: (546, 768), Projected shape: (546, 200)
2024-07-21 03:45:46,723 - INFO - Best parameters found: {'metric': 'euclidean', 'n_neighbors': 17, 'weights': 'distance'}
2024-07-21 03:45:46,724 - INFO - Best cross-validation accuracy: 0.9084236864053377
2024-07-21 03:45:48,547 - INFO - Bootstrap sample 8 shape: (546, 768), Projected shape: (546, 200)
2024-07-21 03:45:49,727 - INFO - Best parameters found: {'metric': 'euclidean', 'n_neighbors': 10, 'weights': 'distance'}
2024-07-21 03:45:49,727 - INFO - Best cross-validation accuracy: 0.923069224353628
2024-07-21 03:45:51,546 - INFO - Bootstrap sample 9 shape: (546, 768), Projected shape: (546, 200)
2024-07-21 03:45:52,728 - INFO - Best parameters found: {'metric': 'euclidean', 'n_neighbors': 20, 'weights': 'distance'}
2024-07-21 03:45:52,728 - INFO - Best cross-validation accuracy: 0.9175646371976647
2024-07-21 03:45:54,537 - INFO - Bootstrap sample 10 shape: (546, 768), Projected shape: (546, 200)
2024-07-21 03:45:55,722 - INFO - Best parameters found: {'metric': 'euclidean', 'n_neighbors': 10, 'weights': 'distance'}
2024-07-21 03:45:55,723 - INFO - Best cross-validation accuracy: 0.9249040867389491
2024-07-21 03:45:57,544 - INFO - Bootstrap sample 11 shape: (546, 768), Projected shape: (546, 200)
2024-07-21 03:45:58,719 - INFO - Best parameters found: {'metric': 'euclidean', 'n_neighbors': 17, 'weights': 'distance'}
2024-07-21 03:45:58,719 - INFO - Best cross-validation accuracy: 0.9285404503753127
2024-07-21 03:46:00,544 - INFO - Bootstrap sample 12 shape: (546, 768), Projected shape: (546, 200)
2024-07-21 03:46:01,721 - INFO - Best parameters found: {'metric': 'euclidean', 'n_neighbors': 10, 'weights': 'distance'}
2024-07-21 03:46:01,722 - INFO - Best cross-validation accuracy: 0.9102585487906589
2024-07-21 03:46:03,566 - INFO - Bootstrap sample 13 shape: (546, 768), Projected shape: (546, 200)
2024-07-21 03:46:04,745 - INFO - Best parameters found: {'metric': 'euclidean', 'n_neighbors': 20, 'weights': 'distance'}
2024-07-21 03:46:04,745 - INFO - Best cross-validation accuracy: 0.9139449541284403
2024-07-21 03:46:06,556 - INFO - Bootstrap sample 14 shape: (546, 768), Projected shape: (546, 200)
2024-07-21 03:46:07,741 - INFO - Best parameters found: {'metric': 'euclidean', 'n_neighbors': 10, 'weights': 'distance'}
2024-07-21 03:46:07,742 - INFO - Best cross-validation accuracy: 0.9029190992493745
2024-07-21 03:46:09,598 - INFO - Bootstrap sample 15 shape: (546, 768), Projected shape: (546, 200)
2024-07-21 03:46:10,784 - INFO - Best parameters found: {'metric': 'euclidean', 'n_neighbors': 10, 'weights': 'distance'}
2024-07-21 03:46:10,785 - INFO - Best cross-validation accuracy: 0.9010508757297748
2024-07-21 03:46:12,633 - INFO - Bootstrap sample 16 shape: (546, 768), Projected shape: (546, 200)
2024-07-21 03:46:13,816 - INFO - Best parameters found: {'metric': 'euclidean', 'n_neighbors': 10, 'weights': 'distance'}
2024-07-21 03:46:13,816 - INFO - Best cross-validation accuracy: 0.9010842368640535
2024-07-21 03:46:15,630 - INFO - Bootstrap sample 17 shape: (546, 768), Projected shape: (546, 200)
2024-07-21 03:46:16,809 - INFO - Best parameters found: {'metric': 'euclidean', 'n_neighbors': 20, 'weights': 'distance'}
2024-07-21 03:46:16,810 - INFO - Best cross-validation accuracy: 0.8974478732276896
2024-07-21 03:46:18,649 - INFO - Bootstrap sample 18 shape: (546, 768), Projected shape: (546, 200)
2024-07-21 03:46:19,829 - INFO - Best parameters found: {'metric': 'euclidean', 'n_neighbors': 20, 'weights': 'distance'}
2024-07-21 03:46:19,829 - INFO - Best cross-validation accuracy: 0.9029858215179317
2024-07-21 03:46:21,677 - INFO - Bootstrap sample 19 shape: (546, 768), Projected shape: (546, 200)
2024-07-21 03:46:22,863 - INFO - Best parameters found: {'metric': 'euclidean', 'n_neighbors': 15, 'weights': 'distance'}
2024-07-21 03:46:22,863 - INFO - Best cross-validation accuracy: 0.9121100917431193
2024-07-21 03:46:24,480 - INFO - Accuracy for method=pca, n_components=200, k=None, n_classifiers=20: 0.7821
2024-07-21 03:46:24,482 - INFO - Results saved to breastmnist_forest_knn_results.csv
2024-07-21 03:46:24,482 - INFO - Evaluation completed for method=pca, n_components=200, n_classifiers=20
2024-07-21 03:46:24,482 - INFO - 
Starting evaluation for method=pca, n_components=200, n_classifiers=30...
2024-07-21 03:46:24,825 - INFO - Bootstrap sample 0 shape: (546, 768), Projected shape: (546, 200)
2024-07-21 03:46:26,070 - INFO - Best parameters found: {'metric': 'euclidean', 'n_neighbors': 15, 'weights': 'distance'}
2024-07-21 03:46:26,071 - INFO - Best cross-validation accuracy: 0.9175479566305256
2024-07-21 03:46:27,925 - INFO - Bootstrap sample 1 shape: (546, 768), Projected shape: (546, 200)
2024-07-21 03:46:29,095 - INFO - Best parameters found: {'metric': 'euclidean', 'n_neighbors': 10, 'weights': 'distance'}
2024-07-21 03:46:29,096 - INFO - Best cross-validation accuracy: 0.8919099249374479
2024-07-21 03:46:30,940 - INFO - Bootstrap sample 2 shape: (546, 768), Projected shape: (546, 200)
2024-07-21 03:46:32,122 - INFO - Best parameters found: {'metric': 'chebyshev', 'n_neighbors': 10, 'weights': 'distance'}
2024-07-21 03:46:32,122 - INFO - Best cross-validation accuracy: 0.8919432860717265
2024-07-21 03:46:33,956 - INFO - Bootstrap sample 3 shape: (546, 768), Projected shape: (546, 200)
2024-07-21 03:46:35,134 - INFO - Best parameters found: {'metric': 'euclidean', 'n_neighbors': 20, 'weights': 'distance'}
2024-07-21 03:46:35,134 - INFO - Best cross-validation accuracy: 0.923069224353628
2024-07-21 03:46:36,982 - INFO - Bootstrap sample 4 shape: (546, 768), Projected shape: (546, 200)
2024-07-21 03:46:38,160 - INFO - Best parameters found: {'metric': 'euclidean', 'n_neighbors': 10, 'weights': 'distance'}
2024-07-21 03:46:38,161 - INFO - Best cross-validation accuracy: 0.8754628857381151
2024-07-21 03:46:40,011 - INFO - Bootstrap sample 5 shape: (546, 768), Projected shape: (546, 200)
2024-07-21 03:46:41,182 - INFO - Best parameters found: {'metric': 'euclidean', 'n_neighbors': 17, 'weights': 'distance'}
2024-07-21 03:46:41,183 - INFO - Best cross-validation accuracy: 0.9121100917431193
2024-07-21 03:46:43,016 - INFO - Bootstrap sample 6 shape: (546, 768), Projected shape: (546, 200)
2024-07-21 03:46:44,189 - INFO - Best parameters found: {'metric': 'chebyshev', 'n_neighbors': 15, 'weights': 'distance'}
2024-07-21 03:46:44,189 - INFO - Best cross-validation accuracy: 0.9194328607172644
2024-07-21 03:46:46,004 - INFO - Bootstrap sample 7 shape: (546, 768), Projected shape: (546, 200)
2024-07-21 03:46:47,183 - INFO - Best parameters found: {'metric': 'euclidean', 'n_neighbors': 17, 'weights': 'distance'}
2024-07-21 03:46:47,183 - INFO - Best cross-validation accuracy: 0.9084236864053377
2024-07-21 03:46:49,014 - INFO - Bootstrap sample 8 shape: (546, 768), Projected shape: (546, 200)
2024-07-21 03:46:50,200 - INFO - Best parameters found: {'metric': 'euclidean', 'n_neighbors': 10, 'weights': 'distance'}
2024-07-21 03:46:50,201 - INFO - Best cross-validation accuracy: 0.923069224353628
2024-07-21 03:46:52,020 - INFO - Bootstrap sample 9 shape: (546, 768), Projected shape: (546, 200)
2024-07-21 03:46:53,203 - INFO - Best parameters found: {'metric': 'euclidean', 'n_neighbors': 20, 'weights': 'distance'}
2024-07-21 03:46:53,203 - INFO - Best cross-validation accuracy: 0.9175646371976647
2024-07-21 03:46:55,019 - INFO - Bootstrap sample 10 shape: (546, 768), Projected shape: (546, 200)
2024-07-21 03:46:56,192 - INFO - Best parameters found: {'metric': 'euclidean', 'n_neighbors': 10, 'weights': 'distance'}
2024-07-21 03:46:56,193 - INFO - Best cross-validation accuracy: 0.9249040867389491
2024-07-21 03:46:58,004 - INFO - Bootstrap sample 11 shape: (546, 768), Projected shape: (546, 200)
2024-07-21 03:46:59,182 - INFO - Best parameters found: {'metric': 'euclidean', 'n_neighbors': 17, 'weights': 'distance'}
2024-07-21 03:46:59,183 - INFO - Best cross-validation accuracy: 0.9285404503753127
2024-07-21 03:47:01,016 - INFO - Bootstrap sample 12 shape: (546, 768), Projected shape: (546, 200)
2024-07-21 03:47:02,199 - INFO - Best parameters found: {'metric': 'euclidean', 'n_neighbors': 10, 'weights': 'distance'}
2024-07-21 03:47:02,200 - INFO - Best cross-validation accuracy: 0.9102585487906589
2024-07-21 03:47:04,036 - INFO - Bootstrap sample 13 shape: (546, 768), Projected shape: (546, 200)
2024-07-21 03:47:05,207 - INFO - Best parameters found: {'metric': 'euclidean', 'n_neighbors': 20, 'weights': 'distance'}
2024-07-21 03:47:05,208 - INFO - Best cross-validation accuracy: 0.9139449541284403
2024-07-21 03:47:07,015 - INFO - Bootstrap sample 14 shape: (546, 768), Projected shape: (546, 200)
2024-07-21 03:47:08,189 - INFO - Best parameters found: {'metric': 'euclidean', 'n_neighbors': 10, 'weights': 'distance'}
2024-07-21 03:47:08,189 - INFO - Best cross-validation accuracy: 0.9029190992493745
2024-07-21 03:47:10,041 - INFO - Bootstrap sample 15 shape: (546, 768), Projected shape: (546, 200)
2024-07-21 03:47:11,217 - INFO - Best parameters found: {'metric': 'euclidean', 'n_neighbors': 10, 'weights': 'distance'}
2024-07-21 03:47:11,218 - INFO - Best cross-validation accuracy: 0.9010508757297748
2024-07-21 03:47:13,057 - INFO - Bootstrap sample 16 shape: (546, 768), Projected shape: (546, 200)
2024-07-21 03:47:14,240 - INFO - Best parameters found: {'metric': 'euclidean', 'n_neighbors': 10, 'weights': 'distance'}
2024-07-21 03:47:14,241 - INFO - Best cross-validation accuracy: 0.9010842368640535
2024-07-21 03:47:16,055 - INFO - Bootstrap sample 17 shape: (546, 768), Projected shape: (546, 200)
2024-07-21 03:47:17,233 - INFO - Best parameters found: {'metric': 'euclidean', 'n_neighbors': 20, 'weights': 'distance'}
2024-07-21 03:47:17,233 - INFO - Best cross-validation accuracy: 0.8974478732276896
2024-07-21 03:47:19,073 - INFO - Bootstrap sample 18 shape: (546, 768), Projected shape: (546, 200)
2024-07-21 03:47:20,258 - INFO - Best parameters found: {'metric': 'euclidean', 'n_neighbors': 20, 'weights': 'distance'}
2024-07-21 03:47:20,259 - INFO - Best cross-validation accuracy: 0.9029858215179317
2024-07-21 03:47:22,089 - INFO - Bootstrap sample 19 shape: (546, 768), Projected shape: (546, 200)
2024-07-21 03:47:23,266 - INFO - Best parameters found: {'metric': 'euclidean', 'n_neighbors': 15, 'weights': 'distance'}
2024-07-21 03:47:23,266 - INFO - Best cross-validation accuracy: 0.9121100917431193
2024-07-21 03:47:25,125 - INFO - Bootstrap sample 20 shape: (546, 768), Projected shape: (546, 200)
2024-07-21 03:47:26,306 - INFO - Best parameters found: {'metric': 'euclidean', 'n_neighbors': 10, 'weights': 'distance'}
2024-07-21 03:47:26,306 - INFO - Best cross-validation accuracy: 0.9102418682235196
2024-07-21 03:47:28,139 - INFO - Bootstrap sample 21 shape: (546, 768), Projected shape: (546, 200)
2024-07-21 03:47:29,314 - INFO - Best parameters found: {'metric': 'chebyshev', 'n_neighbors': 10, 'weights': 'distance'}
2024-07-21 03:47:29,315 - INFO - Best cross-validation accuracy: 0.9267055879899917
2024-07-21 03:47:31,142 - INFO - Bootstrap sample 22 shape: (546, 768), Projected shape: (546, 200)
2024-07-21 03:47:32,325 - INFO - Best parameters found: {'metric': 'euclidean', 'n_neighbors': 17, 'weights': 'distance'}
2024-07-21 03:47:32,325 - INFO - Best cross-validation accuracy: 0.91581317764804
2024-07-21 03:47:34,153 - INFO - Bootstrap sample 23 shape: (546, 768), Projected shape: (546, 200)
2024-07-21 03:47:35,335 - INFO - Best parameters found: {'metric': 'euclidean', 'n_neighbors': 15, 'weights': 'distance'}
2024-07-21 03:47:35,335 - INFO - Best cross-validation accuracy: 0.9047039199332778
2024-07-21 03:47:37,164 - INFO - Bootstrap sample 24 shape: (546, 768), Projected shape: (546, 200)
2024-07-21 03:47:38,341 - INFO - Best parameters found: {'metric': 'euclidean', 'n_neighbors': 10, 'weights': 'distance'}
2024-07-21 03:47:38,341 - INFO - Best cross-validation accuracy: 0.8992493744787323
2024-07-21 03:47:40,171 - INFO - Bootstrap sample 25 shape: (546, 768), Projected shape: (546, 200)
2024-07-21 03:47:41,358 - INFO - Best parameters found: {'metric': 'chebyshev', 'n_neighbors': 15, 'weights': 'distance'}
2024-07-21 03:47:41,359 - INFO - Best cross-validation accuracy: 0.9157798165137615
2024-07-21 03:47:43,177 - INFO - Bootstrap sample 26 shape: (546, 768), Projected shape: (546, 200)
2024-07-21 03:47:44,348 - INFO - Best parameters found: {'metric': 'manhattan', 'n_neighbors': 10, 'weights': 'distance'}
2024-07-21 03:47:44,349 - INFO - Best cross-validation accuracy: 0.8919432860717265
2024-07-21 03:47:46,184 - INFO - Bootstrap sample 27 shape: (546, 768), Projected shape: (546, 200)
2024-07-21 03:47:47,365 - INFO - Best parameters found: {'metric': 'euclidean', 'n_neighbors': 17, 'weights': 'distance'}
2024-07-21 03:47:47,366 - INFO - Best cross-validation accuracy: 0.9139616346955796
2024-07-21 03:47:49,194 - INFO - Bootstrap sample 28 shape: (546, 768), Projected shape: (546, 200)
2024-07-21 03:47:50,374 - INFO - Best parameters found: {'metric': 'chebyshev', 'n_neighbors': 10, 'weights': 'distance'}
2024-07-21 03:47:50,375 - INFO - Best cross-validation accuracy: 0.9230358632193495
2024-07-21 03:47:52,193 - INFO - Bootstrap sample 29 shape: (546, 768), Projected shape: (546, 200)
2024-07-21 03:47:53,368 - INFO - Best parameters found: {'metric': 'manhattan', 'n_neighbors': 10, 'weights': 'distance'}
2024-07-21 03:47:53,368 - INFO - Best cross-validation accuracy: 0.9066388657214345
2024-07-21 03:47:54,951 - INFO - Accuracy for method=pca, n_components=200, k=None, n_classifiers=30: 0.7885
2024-07-21 03:47:54,953 - INFO - Results saved to breastmnist_forest_knn_results.csv
2024-07-21 03:47:54,953 - INFO - Evaluation completed for method=pca, n_components=200, n_classifiers=30
2024-07-21 03:47:54,955 - INFO - Forest-kNN evaluation completed.
