2024-07-21 03:47:58,467 - INFO - Starting Forest-kNN on dataset cifar10
2024-07-21 03:47:58,467 - INFO - Starting Forest-kNN on dataset cifar10
2024-07-21 03:47:58,668 - INFO - Loaded dataset cifar10 with shapes - X_train: (40000, 768), X_val: (10000, 768), X_test: (10000, 768)
2024-07-21 03:47:58,668 - INFO - 
Starting evaluation for method=random, n_components=100, n_classifiers=20...
2024-07-21 03:47:58,812 - INFO - Bootstrap sample 0 shape: (40000, 768), Projected shape: (40000, 100)
2024-07-21 03:53:43,584 - INFO - Best parameters found: {'metric': 'euclidean', 'n_neighbors': 20, 'weights': 'distance'}
2024-07-21 03:53:43,586 - INFO - Best cross-validation accuracy: 0.98945
2024-07-21 04:06:45,949 - INFO - Bootstrap sample 1 shape: (40000, 768), Projected shape: (40000, 100)
2024-07-21 04:12:28,219 - INFO - Best parameters found: {'metric': 'euclidean', 'n_neighbors': 17, 'weights': 'distance'}
2024-07-21 04:12:28,219 - INFO - Best cross-validation accuracy: 0.9897
2024-07-21 04:25:33,564 - INFO - Bootstrap sample 2 shape: (40000, 768), Projected shape: (40000, 100)
2024-07-21 04:31:17,867 - INFO - Best parameters found: {'metric': 'euclidean', 'n_neighbors': 15, 'weights': 'distance'}
2024-07-21 04:31:17,867 - INFO - Best cross-validation accuracy: 0.9897750000000001
2024-07-21 04:44:19,194 - INFO - Bootstrap sample 3 shape: (40000, 768), Projected shape: (40000, 100)
2024-07-21 04:49:58,915 - INFO - Best parameters found: {'metric': 'euclidean', 'n_neighbors': 20, 'weights': 'distance'}
2024-07-21 04:49:58,916 - INFO - Best cross-validation accuracy: 0.98895
2024-07-21 05:03:03,656 - INFO - Bootstrap sample 4 shape: (40000, 768), Projected shape: (40000, 100)
2024-07-21 05:08:46,977 - INFO - Best parameters found: {'metric': 'euclidean', 'n_neighbors': 20, 'weights': 'distance'}
2024-07-21 05:08:46,977 - INFO - Best cross-validation accuracy: 0.9892
2024-07-21 05:21:50,278 - INFO - Bootstrap sample 5 shape: (40000, 768), Projected shape: (40000, 100)
2024-07-21 05:27:07,401 - INFO - Best parameters found: {'metric': 'euclidean', 'n_neighbors': 17, 'weights': 'distance'}
2024-07-21 05:27:07,402 - INFO - Best cross-validation accuracy: 0.9903000000000001
2024-07-21 05:39:39,235 - INFO - Bootstrap sample 6 shape: (40000, 768), Projected shape: (40000, 100)
2024-07-21 05:44:54,737 - INFO - Best parameters found: {'metric': 'euclidean', 'n_neighbors': 15, 'weights': 'distance'}
2024-07-21 05:44:54,738 - INFO - Best cross-validation accuracy: 0.9900249999999999
2024-07-21 05:57:27,145 - INFO - Bootstrap sample 7 shape: (40000, 768), Projected shape: (40000, 100)
2024-07-21 06:02:42,799 - INFO - Best parameters found: {'metric': 'euclidean', 'n_neighbors': 20, 'weights': 'distance'}
2024-07-21 06:02:42,799 - INFO - Best cross-validation accuracy: 0.9896
2024-07-21 06:15:14,252 - INFO - Bootstrap sample 8 shape: (40000, 768), Projected shape: (40000, 100)
2024-07-21 06:20:28,882 - INFO - Best parameters found: {'metric': 'euclidean', 'n_neighbors': 10, 'weights': 'distance'}
2024-07-21 06:20:28,883 - INFO - Best cross-validation accuracy: 0.9901249999999999
2024-07-21 06:32:59,656 - INFO - Bootstrap sample 9 shape: (40000, 768), Projected shape: (40000, 100)
2024-07-21 06:38:14,506 - INFO - Best parameters found: {'metric': 'euclidean', 'n_neighbors': 15, 'weights': 'distance'}
2024-07-21 06:38:14,506 - INFO - Best cross-validation accuracy: 0.9892
2024-07-21 06:50:47,675 - INFO - Bootstrap sample 10 shape: (40000, 768), Projected shape: (40000, 100)
2024-07-21 06:56:02,976 - INFO - Best parameters found: {'metric': 'euclidean', 'n_neighbors': 17, 'weights': 'distance'}
2024-07-21 06:56:02,976 - INFO - Best cross-validation accuracy: 0.989575
2024-07-21 07:08:34,479 - INFO - Bootstrap sample 11 shape: (40000, 768), Projected shape: (40000, 100)
2024-07-21 07:13:51,516 - INFO - Best parameters found: {'metric': 'euclidean', 'n_neighbors': 10, 'weights': 'distance'}
2024-07-21 07:13:51,516 - INFO - Best cross-validation accuracy: 0.9894499999999999
2024-07-21 07:26:21,545 - INFO - Bootstrap sample 12 shape: (40000, 768), Projected shape: (40000, 100)
2024-07-21 07:31:37,434 - INFO - Best parameters found: {'metric': 'euclidean', 'n_neighbors': 10, 'weights': 'distance'}
2024-07-21 07:31:37,434 - INFO - Best cross-validation accuracy: 0.9887750000000001
2024-07-21 07:44:11,513 - INFO - Bootstrap sample 13 shape: (40000, 768), Projected shape: (40000, 100)
2024-07-21 07:49:24,208 - INFO - Best parameters found: {'metric': 'euclidean', 'n_neighbors': 10, 'weights': 'distance'}
2024-07-21 07:49:24,209 - INFO - Best cross-validation accuracy: 0.9905750000000001
2024-07-21 08:01:58,050 - INFO - Bootstrap sample 14 shape: (40000, 768), Projected shape: (40000, 100)
2024-07-21 08:07:09,496 - INFO - Best parameters found: {'metric': 'euclidean', 'n_neighbors': 20, 'weights': 'distance'}
2024-07-21 08:07:09,496 - INFO - Best cross-validation accuracy: 0.9888250000000001
2024-07-21 08:19:41,498 - INFO - Bootstrap sample 15 shape: (40000, 768), Projected shape: (40000, 100)
2024-07-21 08:24:55,799 - INFO - Best parameters found: {'metric': 'euclidean', 'n_neighbors': 10, 'weights': 'distance'}
2024-07-21 08:24:55,800 - INFO - Best cross-validation accuracy: 0.989425
2024-07-21 08:37:30,809 - INFO - Bootstrap sample 16 shape: (40000, 768), Projected shape: (40000, 100)
2024-07-21 08:42:40,485 - INFO - Best parameters found: {'metric': 'euclidean', 'n_neighbors': 17, 'weights': 'distance'}
2024-07-21 08:42:40,485 - INFO - Best cross-validation accuracy: 0.9905000000000002
2024-07-21 08:55:12,694 - INFO - Bootstrap sample 17 shape: (40000, 768), Projected shape: (40000, 100)
2024-07-21 09:00:25,587 - INFO - Best parameters found: {'metric': 'euclidean', 'n_neighbors': 17, 'weights': 'distance'}
2024-07-21 09:00:25,587 - INFO - Best cross-validation accuracy: 0.9888999999999999
2024-07-21 09:12:58,293 - INFO - Bootstrap sample 18 shape: (40000, 768), Projected shape: (40000, 100)
2024-07-21 09:18:12,276 - INFO - Best parameters found: {'metric': 'euclidean', 'n_neighbors': 20, 'weights': 'distance'}
2024-07-21 09:18:12,277 - INFO - Best cross-validation accuracy: 0.9893500000000002
2024-07-21 09:30:44,064 - INFO - Bootstrap sample 19 shape: (40000, 768), Projected shape: (40000, 100)
2024-07-21 09:35:56,567 - INFO - Best parameters found: {'metric': 'euclidean', 'n_neighbors': 10, 'weights': 'distance'}
2024-07-21 09:35:56,567 - INFO - Best cross-validation accuracy: 0.9905999999999999
2024-07-21 09:48:32,779 - INFO - Accuracy for method=random, n_components=100, k=None, n_classifiers=20: 0.9815
2024-07-21 09:48:32,784 - INFO - Results saved to cifar10_forest_knn_results.csv
2024-07-21 09:48:32,784 - INFO - Evaluation completed for method=random, n_components=100, n_classifiers=20
2024-07-21 09:48:32,784 - INFO - 
Starting evaluation for method=random, n_components=100, n_classifiers=30...
2024-07-21 09:48:32,941 - INFO - Bootstrap sample 0 shape: (40000, 768), Projected shape: (40000, 100)
2024-07-21 09:53:48,050 - INFO - Best parameters found: {'metric': 'euclidean', 'n_neighbors': 20, 'weights': 'distance'}
2024-07-21 09:53:48,050 - INFO - Best cross-validation accuracy: 0.98945
2024-07-21 10:06:21,957 - INFO - Bootstrap sample 1 shape: (40000, 768), Projected shape: (40000, 100)
2024-07-21 10:11:35,247 - INFO - Best parameters found: {'metric': 'euclidean', 'n_neighbors': 17, 'weights': 'distance'}
2024-07-21 10:11:35,247 - INFO - Best cross-validation accuracy: 0.9897
2024-07-21 10:24:06,550 - INFO - Bootstrap sample 2 shape: (40000, 768), Projected shape: (40000, 100)
2024-07-21 10:29:21,505 - INFO - Best parameters found: {'metric': 'euclidean', 'n_neighbors': 15, 'weights': 'distance'}
2024-07-21 10:29:21,505 - INFO - Best cross-validation accuracy: 0.9897750000000001
2024-07-21 10:41:53,251 - INFO - Bootstrap sample 3 shape: (40000, 768), Projected shape: (40000, 100)
2024-07-21 10:47:03,435 - INFO - Best parameters found: {'metric': 'euclidean', 'n_neighbors': 20, 'weights': 'distance'}
2024-07-21 10:47:03,436 - INFO - Best cross-validation accuracy: 0.98895
2024-07-21 10:59:37,841 - INFO - Bootstrap sample 4 shape: (40000, 768), Projected shape: (40000, 100)
2024-07-21 11:04:51,553 - INFO - Best parameters found: {'metric': 'euclidean', 'n_neighbors': 20, 'weights': 'distance'}
2024-07-21 11:04:51,554 - INFO - Best cross-validation accuracy: 0.9892
2024-07-21 11:17:25,604 - INFO - Bootstrap sample 5 shape: (40000, 768), Projected shape: (40000, 100)
2024-07-21 11:22:40,473 - INFO - Best parameters found: {'metric': 'euclidean', 'n_neighbors': 17, 'weights': 'distance'}
2024-07-21 11:22:40,473 - INFO - Best cross-validation accuracy: 0.9903000000000001
2024-07-21 11:35:12,325 - INFO - Bootstrap sample 6 shape: (40000, 768), Projected shape: (40000, 100)
2024-07-21 11:40:28,881 - INFO - Best parameters found: {'metric': 'euclidean', 'n_neighbors': 15, 'weights': 'distance'}
2024-07-21 11:40:28,881 - INFO - Best cross-validation accuracy: 0.9900249999999999
2024-07-21 11:53:08,098 - INFO - Bootstrap sample 7 shape: (40000, 768), Projected shape: (40000, 100)
